# JRE version: Java(TM) SE Runtime Environment 18.9 (11.0.13+10) (build 11.0.13+10-LTS-370)
# Java VM: Java HotSpot(TM) 64-Bit Server VM 18.9 (11.0.13+10-LTS-370, mixed mode, tiered, compressed oops, g1 gc, bsd-amd64)
Heap:
 garbage-first heap   total 131072K, used 54071K [0x0000000740000000, 0x00000007c0000000)
  region size 1024K, 39 young (39936K), 4 survivors (4096K)
 Metaspace       used 40704K, capacity 42466K, committed 42672K, reserved 1085440K
  class space    used 5586K, capacity 6387K, committed 6400K, reserved 1048576K
GC Heap History (8 events):
Event: 0.776 GC heap before
{Heap before GC invocations=0 (full 0):
 garbage-first heap   total 131072K, used 13312K [0x0000000740000000, 0x00000007c0000000)
  region size 1024K, 14 young (14336K), 0 survivors (0K)
 Metaspace       used 8462K, capacity 8760K, committed 8960K, reserved 1056768K
  class space    used 842K, capacity 960K, committed 1024K, reserved 1048576K
}
Event: 0.780 GC heap after
{Heap after GC invocations=1 (full 0):
 garbage-first heap   total 131072K, used 1965K [0x0000000740000000, 0x00000007c0000000)
  region size 1024K, 2 young (2048K), 2 survivors (2048K)
 Metaspace       used 8462K, capacity 8760K, committed 8960K, reserved 1056768K
  class space    used 842K, capacity 960K, committed 1024K, reserved 1048576K
}
Event: 2.273 GC heap before
{Heap before GC invocations=1 (full 0):
 garbage-first heap   total 131072K, used 40877K [0x0000000740000000, 0x00000007c0000000)
  region size 1024K, 42 young (43008K), 2 survivors (2048K)
 Metaspace       used 20582K, capacity 21108K, committed 21296K, reserved 1067008K
  class space    used 2682K, capacity 2914K, committed 2944K, reserved 1048576K
}
Event: 2.287 GC heap after
{Heap after GC invocations=2 (full 0):
 garbage-first heap   total 131072K, used 5876K [0x0000000740000000, 0x00000007c0000000)
  region size 1024K, 6 young (6144K), 6 survivors (6144K)
 Metaspace       used 20582K, capacity 21108K, committed 21296K, reserved 1067008K
  class space    used 2682K, capacity 2914K, committed 2944K, reserved 1048576K
}
Event: 9.973 GC heap before
{Heap before GC invocations=3 (full 0):
 garbage-first heap   total 131072K, used 51956K [0x0000000740000000, 0x00000007c0000000)
  region size 1024K, 49 young (50176K), 6 survivors (6144K)
 Metaspace       used 32257K, capacity 33458K, committed 33584K, reserved 1077248K
  class space    used 4567K, capacity 5127K, committed 5248K, reserved 1048576K
}
Event: 9.995 GC heap after
{Heap after GC invocations=4 (full 0):
 garbage-first heap   total 131072K, used 15590K [0x0000000740000000, 0x00000007c0000000)
  region size 1024K, 7 young (7168K), 7 survivors (7168K)
 Metaspace       used 32257K, capacity 33458K, committed 33584K, reserved 1077248K
  class space    used 4567K, capacity 5127K, committed 5248K, reserved 1048576K
}
Event: 13.094 GC heap before
{Heap before GC invocations=4 (full 0):
 garbage-first heap   total 131072K, used 31974K [0x0000000740000000, 0x00000007c0000000)
  region size 1024K, 24 young (24576K), 7 survivors (7168K)
 Metaspace       used 34052K, capacity 35492K, committed 35632K, reserved 1079296K
  class space    used 4777K, capacity 5442K, committed 5504K, reserved 1048576K
}
Event: 13.111 GC heap after
{Heap after GC invocations=5 (full 0):
 garbage-first heap   total 131072K, used 19255K [0x0000000740000000, 0x00000007c0000000)
  region size 1024K, 4 young (4096K), 4 survivors (4096K)
 Metaspace       used 34052K, capacity 35492K, committed 35632K, reserved 1079296K
  class space    used 4777K, capacity 5442K, committed 5504K, reserved 1048576K
}

